
  ++++++++++++++++++++++++++++++++++++++++++++
  +     MAD-X 5.09.01  (64 bit, Linux)       +
  + Support: mad@cern.ch, http://cern.ch/mad +
  + Release   date: 2023.12.04               +
  + Execution date: 2026.05.20 10:12:18      +
  ++++++++++++++++++++++++++++++++++++++++++++
BEAM, SEQUENCE=NEWBDS ,PARTICLE=ELECTRON, ENERGY=5000, RADIATE=FALSE;



OPTION, -ECHO, -INFO;

Determined SECTOR NMUL MAX :  2
 MAD-X Beam Parameters
                  Energy : 0.500000E+04
          Kinetic Energy : 0.500000E+04
      Particle Rest Mass : 0.510999E-03
                Momentum : 0.500000E+04
 Setting MADx with 
     energy           5000.0000000000000     
     method                   6
     Num. of steps           10
     charge           1.0000000000000000     
  Length of machine:    864.58816623159976     
 The machine is a RING
 ------------------------------------ PTC Survey ------------------------------------
 Before start:    0.0000000000000000        0.0000000000000000        0.0000000000000000     
 Before   end:    0.0000000000000000        0.0000000000000000        0.0000000000000000     
 After  start:    0.0000000000000000        0.0000000000000000        0.0000000000000000     
 After    end:    2.7116751343231747E-002   0.0000000000000000        864.58816519941990     
 ************ State Summary ****************
 MADTHICK=>KIND =   37  MATRIX-KICK-MATRIX     
  Rectangular Bend: input arc length (rho alpha) 
  Default integration method     6
  Default integration steps     10
 This is an electron (positron actually if charge=1) 
       EXACT_MODEL =  FALSE
       TOTALPATH   =     0
       RADIATION   =  FALSE
       STOCHASTIC  =  FALSE
       ENVELOPE    =  FALSE
       NOCAVITY    =  TRUE 
       TIME        =  TRUE 
       FRINGE      =  FALSE
       PARA_IN     =  FALSE
       ONLY_2D     =  FALSE
       ONLY_4D     =  TRUE 
       DELTA       =  FALSE
       SPIN        =  FALSE
       MODULATION  =  FALSE
       RAMPING     =  FALSE
       ACCELERATE  =  FALSE
 Closed orbit:    0.0000000000000000        0.0000000000000000        0.0000000000000000        0.0000000000000000     
 Reduced SUMM Table (Inital parameters specified)

++++++ table: ptc_twiss_summary

            length            alpha_c          alpha_c_p         alpha_c_p2 
       864.5881662           -1000000           -1000000           -1000000 

        alpha_c_p3              eta_c           gamma_tr                 q1 
          -1000000           -1000000           -1000000        2.154316171 

                q2                dq1                dq2                 qs 
       1.491710851           -1000000           -1000000           -1000000 

        beta_x_min         beta_x_max         beta_y_min         beta_y_max 
    0.007883735166        264186.6599    0.0001801996602        428773.0975 

         beta11min          beta11max          beta12min          beta12max 
    0.007883735166        264186.6599                  0                  0 

         beta13min          beta13max          beta21min          beta21max 
                 0                  0                  0                  0 

         beta22min          beta22max          beta23min          beta23max 
   0.0001801996602        428773.0975                  0                  0 

         beta31min          beta31max          beta32min          beta32max 
                 0                  0                  0                  0 

         beta33min          beta33max           disp1min           disp1max 
                 0                  0                  0                  0 

          disp2min           disp2max           disp3min           disp3max 
                 0                  0                  0                  0 

          disp4min           disp4max             deltap            orbit_x 
                 0                  0                  0                  0 

          orbit_px            orbit_y           orbit_py           orbit_pt 
                 0                  0                  0                  0 

           orbit_t             xcorms             ycorms            pxcorms 
                 0                  0                  0                  0 

           pycorms             tcorms            ptcorms             xcomax 
                 0                  0                  0                  0 

            ycomax            pxcomax            pycomax             tcomax 
                 0                  0                  0                 -0 

           ptcomax             xcomin             ycomin            pxcomin 
                 0                  0                  0                  0 

           pycomin             tcomin            ptcomin 
                 0                 -0                  0 
 ************ State Summary ****************
 MADTHICK=>KIND =   37  MATRIX-KICK-MATRIX     
  Rectangular Bend: input arc length (rho alpha) 
  Default integration method     6
  Default integration steps     10
 This is an electron (positron actually if charge=1) 
       EXACT_MODEL =  FALSE
       TOTALPATH   =     0
       RADIATION   =  FALSE
       STOCHASTIC  =  FALSE
       ENVELOPE    =  FALSE
       NOCAVITY    =  TRUE 
       TIME        =  TRUE 
       FRINGE      =  FALSE
       PARA_IN     =  FALSE
       ONLY_2D     =  FALSE
       ONLY_4D     =  TRUE 
       DELTA       =  TRUE 
       SPIN        =  FALSE
       MODULATION  =  FALSE
       RAMPING     =  FALSE
       ACCELERATE  =  FALSE
enter Twiss module
  
open line - error with deltap:   1.000000E-06
initial orbit vector:   0.000000E+00  0.000000E+00  0.000000E+00  0.000000E+00  0.000000E+00  0.000000E+00
final orbit vector:     1.152298E-15  3.818356E-10  0.000000E+00  0.000000E+00 -2.145601E-17  0.000000E+00
  
open line - error with deltap:   0.000000E+00
initial orbit vector:   0.000000E+00  0.000000E+00  0.000000E+00  0.000000E+00  0.000000E+00  0.000000E+00
final orbit vector:     0.000000E+00  0.000000E+00  0.000000E+00  0.000000E+00  0.000000E+00  0.000000E+00

++++++ table: summ

            length             orbit5               alfa            gammatr 
       864.5881662                 -0                  0                  0 

                q1                dq1            betxmax              dxmax 
       2.154316171        26.01212825        264186.6599      0.01742599145 

             dxrms             xcomax             xcorms                 q2 
    0.007713382574                  0                  0        1.491710851 

               dq2            betymax              dymax              dyrms 
       13.97798171        428773.0975                  0                  0 

            ycomax             ycorms             deltap            synch_1 
                 0                  0                  0    4.222921917e-07 

           synch_2            synch_3            synch_4            synch_5 
   2.862887781e-11    9.615290928e-18    3.013524448e-20     2.14348461e-20 

           synch_6            synch_8             nflips              dqmin 
       353.8408895    2.772696607e-07                  0                  0 

       dqmin_phase 
                 0 
Plot - default table plotted: twiss

 GXPLOT-X11  1.50 initialized

 plot number =            1

  Number of warnings: 0

  ++++++++++++++++++++++++++++++++++++++++++++
  +          MAD-X finished normally         +
  ++++++++++++++++++++++++++++++++++++++++++++
