
  ++++++++++++++++++++++++++++++++++++++++++++
  +     MAD-X 5.09.01  (64 bit, Linux)       +
  + Support: mad@cern.ch, http://cern.ch/mad +
  + Release   date: 2023.12.04               +
  + Execution date: 2026.05.07 18:03:34      +
  ++++++++++++++++++++++++++++++++++++++++++++
title, "5 TeV electron constrained round-to-flat beam transformer";



beam, particle=electron, energy=5000;



! Brho = 16678.204759908 T*m

! Solenoid cap: 10.000 T => |KS| <= 0.000599584916 1/m

! Skew quadrupole cap: 200.000 T/m => |K1| <= 0.01199169832 1/m^2



ksol = 0.0004796679328;

kq1 = 0.00599584916;

kq2 = -0.009593358656;

knch = 0.004796679328;

ksk1 = 0.007195018992;

ksk2 = -0.007195018992;

ksk3 = 0.003597509496;



flatbeam: sequence, l=1000.000000;

  mk000: marker, at=0.000000;

  sol000: solenoid, l=4.000000, ks:=ksol, at=2.000000;

  mk001: marker, at=4.000000;

  sol001: solenoid, l=4.000000, ks:=ksol, at=6.000000;

  mk002: marker, at=8.000000;

  ds002: drift, l=4.000000, at=10.000000;

  mk003: marker, at=12.000000;

  sol003: solenoid, l=4.000000, ks:=ksol, at=14.000000;

  mk004: marker, at=16.000000;

  sol004: solenoid, l=4.000000, ks:=ksol, at=18.000000;

  mk005: marker, at=20.000000;

  ds005: drift, l=4.000000, at=22.000000;

  mk006: marker, at=24.000000;

  sol006: solenoid, l=4.000000, ks:=ksol, at=26.000000;

  mk007: marker, at=28.000000;

  sol007: solenoid, l=4.000000, ks:=ksol, at=30.000000;

  mk008: marker, at=32.000000;

  ds008: drift, l=4.000000, at=34.000000;

  mk009: marker, at=36.000000;

  sol009: solenoid, l=4.000000, ks:=ksol, at=38.000000;

  mk010: marker, at=40.000000;

  sol010: solenoid, l=4.000000, ks:=ksol, at=42.000000;

  mk011: marker, at=44.000000;

  ds011: drift, l=4.000000, at=46.000000;

  mk012: marker, at=48.000000;

  sol012: solenoid, l=4.000000, ks:=ksol, at=50.000000;

  mk013: marker, at=52.000000;

  sol013: solenoid, l=4.000000, ks:=ksol, at=54.000000;

  mk014: marker, at=56.000000;

  ds014: drift, l=4.000000, at=58.000000;

  mk015: marker, at=60.000000;

  dr015: drift, l=4.000000, at=62.000000;

  mk016: marker, at=64.000000;

  nq001: quadrupole, l=4.000000, k1:=knch, at=66.000000;

  mk017: marker, at=68.000000;

  dr017: drift, l=4.000000, at=70.000000;

  mk018: marker, at=72.000000;

  dr018: drift, l=4.000000, at=74.000000;

  mk019: marker, at=76.000000;

  dr019: drift, l=4.000000, at=78.000000;

  mk020: marker, at=80.000000;

  dr020: drift, l=4.000000, at=82.000000;

  mk021: marker, at=84.000000;

  nq002: quadrupole, l=4.000000, k1:=-knch, at=86.000000;

  mk022: marker, at=88.000000;

  dr022: drift, l=4.000000, at=90.000000;

  mk023: marker, at=92.000000;

  dr023: drift, l=4.000000, at=94.000000;

  mk024: marker, at=96.000000;

  dr024: drift, l=4.000000, at=98.000000;

  mk025: marker, at=100.000000;

  dr025: drift, l=4.000000, at=102.000000;

  mk026: marker, at=104.000000;

  nq003: quadrupole, l=4.000000, k1:=knch, at=106.000000;

  mk027: marker, at=108.000000;

  dr027: drift, l=4.000000, at=110.000000;

  mk028: marker, at=112.000000;

  dr028: drift, l=4.000000, at=114.000000;

  mk029: marker, at=116.000000;

  dr029: drift, l=4.000000, at=118.000000;

  mk030: marker, at=120.000000;

  dr030: drift, l=4.000000, at=122.000000;

  mk031: marker, at=124.000000;

  nq004: quadrupole, l=4.000000, k1:=-knch, at=126.000000;

  mk032: marker, at=128.000000;

  dr032: drift, l=4.000000, at=130.000000;

  mk033: marker, at=132.000000;

  dr033: drift, l=4.000000, at=134.000000;

  mk034: marker, at=136.000000;

  dr034: drift, l=4.000000, at=138.000000;

  mk035: marker, at=140.000000;

  dr035: drift, l=4.000000, at=142.000000;

  mk036: marker, at=144.000000;

  nq005: quadrupole, l=4.000000, k1:=knch, at=146.000000;

  mk037: marker, at=148.000000;

  dr037: drift, l=4.000000, at=150.000000;

  mk038: marker, at=152.000000;

  dr038: drift, l=4.000000, at=154.000000;

  mk039: marker, at=156.000000;

  dr039: drift, l=4.000000, at=158.000000;

  mk040: marker, at=160.000000;

  dr040: drift, l=4.000000, at=162.000000;

  mk041: marker, at=164.000000;

  nq006: quadrupole, l=4.000000, k1:=-knch, at=166.000000;

  mk042: marker, at=168.000000;

  dr042: drift, l=4.000000, at=170.000000;

  mk043: marker, at=172.000000;

  dr043: drift, l=4.000000, at=174.000000;

  mk044: marker, at=176.000000;

  dr044: drift, l=4.000000, at=178.000000;

  mk045: marker, at=180.000000;

  dr045: drift, l=4.000000, at=182.000000;

  mk046: marker, at=184.000000;

  nq007: quadrupole, l=4.000000, k1:=knch, at=186.000000;

  mk047: marker, at=188.000000;

  dr047: drift, l=4.000000, at=190.000000;

  mk048: marker, at=192.000000;

  dr048: drift, l=4.000000, at=194.000000;

  mk049: marker, at=196.000000;

  dr049: drift, l=4.000000, at=198.000000;

  mk050: marker, at=200.000000;

  dr050: drift, l=4.000000, at=202.000000;

  mk051: marker, at=204.000000;

  nq008: quadrupole, l=4.000000, k1:=-knch, at=206.000000;

  mk052: marker, at=208.000000;

  dr052: drift, l=4.000000, at=210.000000;

  mk053: marker, at=212.000000;

  dr053: drift, l=4.000000, at=214.000000;

  mk054: marker, at=216.000000;

  dr054: drift, l=4.000000, at=218.000000;

  mk055: marker, at=220.000000;

  dr055: drift, l=4.000000, at=222.000000;

  mk056: marker, at=224.000000;

  nq009: quadrupole, l=4.000000, k1:=knch, at=226.000000;

  mk057: marker, at=228.000000;

  dr057: drift, l=4.000000, at=230.000000;

  mk058: marker, at=232.000000;

  dr058: drift, l=4.000000, at=234.000000;

  mk059: marker, at=236.000000;

  dr059: drift, l=4.000000, at=238.000000;

  mk060: marker, at=240.000000;

  dr060: drift, l=4.000000, at=242.000000;

  mk061: marker, at=244.000000;

  nq010: quadrupole, l=4.000000, k1:=-knch, at=246.000000;

  mk062: marker, at=248.000000;

  dr062: drift, l=4.000000, at=250.000000;

  mk063: marker, at=252.000000;

  dr063: drift, l=4.000000, at=254.000000;

  mk064: marker, at=256.000000;

  dr064: drift, l=4.000000, at=258.000000;

  mk065: marker, at=260.000000;

  dr065: drift, l=4.000000, at=262.000000;

  mk066: marker, at=264.000000;

  nq011: quadrupole, l=4.000000, k1:=knch, at=266.000000;

  mk067: marker, at=268.000000;

  dr067: drift, l=4.000000, at=270.000000;

  mk068: marker, at=272.000000;

  dr068: drift, l=4.000000, at=274.000000;

  mk069: marker, at=276.000000;

  dr069: drift, l=4.000000, at=278.000000;

  mk070: marker, at=280.000000;

  dr070: drift, l=4.000000, at=282.000000;

  mk071: marker, at=284.000000;

  nq012: quadrupole, l=4.000000, k1:=-knch, at=286.000000;

  mk072: marker, at=288.000000;

  dr072: drift, l=4.000000, at=290.000000;

  mk073: marker, at=292.000000;

  dr073: drift, l=4.000000, at=294.000000;

  mk074: marker, at=296.000000;

  dr074: drift, l=4.000000, at=298.000000;

  mk075: marker, at=300.000000;

  dr075: drift, l=4.000000, at=302.000000;

  mk076: marker, at=304.000000;

  nq013: quadrupole, l=4.000000, k1:=knch, at=306.000000;

  mk077: marker, at=308.000000;

  dr077: drift, l=4.000000, at=310.000000;

  mk078: marker, at=312.000000;

  dr078: drift, l=4.000000, at=314.000000;

  mk079: marker, at=316.000000;

  dr079: drift, l=4.000000, at=318.000000;

  mk080: marker, at=320.000000;

  dr080: drift, l=4.000000, at=322.000000;

  mk081: marker, at=324.000000;

  nq014: quadrupole, l=4.000000, k1:=-knch, at=326.000000;

  mk082: marker, at=328.000000;

  dr082: drift, l=4.000000, at=330.000000;

  mk083: marker, at=332.000000;

  dr083: drift, l=4.000000, at=334.000000;

  mk084: marker, at=336.000000;

  dr084: drift, l=4.000000, at=338.000000;

  mk085: marker, at=340.000000;

  dr085: drift, l=4.000000, at=342.000000;

  mk086: marker, at=344.000000;

  nq015: quadrupole, l=4.000000, k1:=knch, at=346.000000;

  mk087: marker, at=348.000000;

  dr087: drift, l=4.000000, at=350.000000;

  mk088: marker, at=352.000000;

  dr088: drift, l=4.000000, at=354.000000;

  mk089: marker, at=356.000000;

  dr089: drift, l=4.000000, at=358.000000;

  mk090: marker, at=360.000000;

  dr090: drift, l=4.000000, at=362.000000;

  mk091: marker, at=364.000000;

  nq016: quadrupole, l=4.000000, k1:=-knch, at=366.000000;

  mk092: marker, at=368.000000;

  dr092: drift, l=4.000000, at=370.000000;

  mk093: marker, at=372.000000;

  dr093: drift, l=4.000000, at=374.000000;

  mk094: marker, at=376.000000;

  dr094: drift, l=4.000000, at=378.000000;

  mk095: marker, at=380.000000;

  dr095: drift, l=4.000000, at=382.000000;

  mk096: marker, at=384.000000;

  nq017: quadrupole, l=4.000000, k1:=knch, at=386.000000;

  mk097: marker, at=388.000000;

  dr097: drift, l=4.000000, at=390.000000;

  mk098: marker, at=392.000000;

  dr098: drift, l=4.000000, at=394.000000;

  mk099: marker, at=396.000000;

  dr099: drift, l=4.000000, at=398.000000;

  mk100: marker, at=400.000000;

  dr100: drift, l=4.000000, at=402.000000;

  mk101: marker, at=404.000000;

  nq018: quadrupole, l=4.000000, k1:=-knch, at=406.000000;

  mk102: marker, at=408.000000;

  dr102: drift, l=4.000000, at=410.000000;

  mk103: marker, at=412.000000;

  dr103: drift, l=4.000000, at=414.000000;

  mk104: marker, at=416.000000;

  dr104: drift, l=4.000000, at=418.000000;

  mk105: marker, at=420.000000;

  dr105: drift, l=4.000000, at=422.000000;

  mk106: marker, at=424.000000;

  nq019: quadrupole, l=4.000000, k1:=knch, at=426.000000;

  mk107: marker, at=428.000000;

  dr107: drift, l=4.000000, at=430.000000;

  mk108: marker, at=432.000000;

  dr108: drift, l=4.000000, at=434.000000;

  mk109: marker, at=436.000000;

  dr109: drift, l=4.000000, at=438.000000;

  mk110: marker, at=440.000000;

  dr110: drift, l=4.000000, at=442.000000;

  mk111: marker, at=444.000000;

  nq020: quadrupole, l=4.000000, k1:=-knch, at=446.000000;

  mk112: marker, at=448.000000;

  dr112: drift, l=4.000000, at=450.000000;

  mk113: marker, at=452.000000;

  dr113: drift, l=4.000000, at=454.000000;

  mk114: marker, at=456.000000;

  dr114: drift, l=4.000000, at=458.000000;

  mk115: marker, at=460.000000;

  dr115: drift, l=4.000000, at=462.000000;

  mk116: marker, at=464.000000;

  nq021: quadrupole, l=4.000000, k1:=knch, at=466.000000;

  mk117: marker, at=468.000000;

  dr117: drift, l=4.000000, at=470.000000;

  mk118: marker, at=472.000000;

  dr118: drift, l=4.000000, at=474.000000;

  mk119: marker, at=476.000000;

  dr119: drift, l=4.000000, at=478.000000;

  mk120: marker, at=480.000000;

  dr120: drift, l=4.000000, at=482.000000;

  mk121: marker, at=484.000000;

  nq022: quadrupole, l=4.000000, k1:=-knch, at=486.000000;

  mk122: marker, at=488.000000;

  dr122: drift, l=4.000000, at=490.000000;

  mk123: marker, at=492.000000;

  dr123: drift, l=4.000000, at=494.000000;

  mk124: marker, at=496.000000;

  dr124: drift, l=4.000000, at=498.000000;

  mk125: marker, at=500.000000;

  sk001: quadrupole, l=4.000000, k1:=ksk1, tilt=pi/4, at=502.000000;

  mk126: marker, at=504.000000;

  nq023: quadrupole, l=4.000000, k1:=knch, at=506.000000;

  mk127: marker, at=508.000000;

  dr127: drift, l=4.000000, at=510.000000;

  mk128: marker, at=512.000000;

  dr128: drift, l=4.000000, at=514.000000;

  mk129: marker, at=516.000000;

  dr129: drift, l=4.000000, at=518.000000;

  mk130: marker, at=520.000000;

  dr130: drift, l=4.000000, at=522.000000;

  mk131: marker, at=524.000000;

  nq024: quadrupole, l=4.000000, k1:=-knch, at=526.000000;

  mk132: marker, at=528.000000;

  dr132: drift, l=4.000000, at=530.000000;

  mk133: marker, at=532.000000;

  dr133: drift, l=4.000000, at=534.000000;

  mk134: marker, at=536.000000;

  dr134: drift, l=4.000000, at=538.000000;

  mk135: marker, at=540.000000;

  sk002: quadrupole, l=4.000000, k1:=ksk2, tilt=pi/4, at=542.000000;

  mk136: marker, at=544.000000;

  nq025: quadrupole, l=4.000000, k1:=knch, at=546.000000;

  mk137: marker, at=548.000000;

  dr137: drift, l=4.000000, at=550.000000;

  mk138: marker, at=552.000000;

  dr138: drift, l=4.000000, at=554.000000;

  mk139: marker, at=556.000000;

  dr139: drift, l=4.000000, at=558.000000;

  mk140: marker, at=560.000000;

  dr140: drift, l=4.000000, at=562.000000;

  mk141: marker, at=564.000000;

  nq026: quadrupole, l=4.000000, k1:=-knch, at=566.000000;

  mk142: marker, at=568.000000;

  dr142: drift, l=4.000000, at=570.000000;

  mk143: marker, at=572.000000;

  dr143: drift, l=4.000000, at=574.000000;

  mk144: marker, at=576.000000;

  dr144: drift, l=4.000000, at=578.000000;

  mk145: marker, at=580.000000;

  sk003: quadrupole, l=4.000000, k1:=ksk3, tilt=pi/4, at=582.000000;

  mk146: marker, at=584.000000;

  nq027: quadrupole, l=4.000000, k1:=knch, at=586.000000;

  mk147: marker, at=588.000000;

  dr147: drift, l=4.000000, at=590.000000;

  mk148: marker, at=592.000000;

  dr148: drift, l=4.000000, at=594.000000;

  mk149: marker, at=596.000000;

  dr149: drift, l=4.000000, at=598.000000;

  mk150: marker, at=600.000000;

  dr150: drift, l=4.000000, at=602.000000;

  mk151: marker, at=604.000000;

  nq028: quadrupole, l=4.000000, k1:=-knch, at=606.000000;

  mk152: marker, at=608.000000;

  dr152: drift, l=4.000000, at=610.000000;

  mk153: marker, at=612.000000;

  dr153: drift, l=4.000000, at=614.000000;

  mk154: marker, at=616.000000;

  dr154: drift, l=4.000000, at=618.000000;

  mk155: marker, at=620.000000;

  sk004: quadrupole, l=4.000000, k1:=ksk1, tilt=pi/4, at=622.000000;

  mk156: marker, at=624.000000;

  nq029: quadrupole, l=4.000000, k1:=knch, at=626.000000;

  mk157: marker, at=628.000000;

  dr157: drift, l=4.000000, at=630.000000;

  mk158: marker, at=632.000000;

  dr158: drift, l=4.000000, at=634.000000;

  mk159: marker, at=636.000000;

  dr159: drift, l=4.000000, at=638.000000;

  mk160: marker, at=640.000000;

  dr160: drift, l=4.000000, at=642.000000;

  mk161: marker, at=644.000000;

  nq030: quadrupole, l=4.000000, k1:=-knch, at=646.000000;

  mk162: marker, at=648.000000;

  dr162: drift, l=4.000000, at=650.000000;

  mk163: marker, at=652.000000;

  dr163: drift, l=4.000000, at=654.000000;

  mk164: marker, at=656.000000;

  dr164: drift, l=4.000000, at=658.000000;

  mk165: marker, at=660.000000;

  sk005: quadrupole, l=4.000000, k1:=ksk2, tilt=pi/4, at=662.000000;

  mk166: marker, at=664.000000;

  nq031: quadrupole, l=4.000000, k1:=knch, at=666.000000;

  mk167: marker, at=668.000000;

  dr167: drift, l=4.000000, at=670.000000;

  mk168: marker, at=672.000000;

  dr168: drift, l=4.000000, at=674.000000;

  mk169: marker, at=676.000000;

  dr169: drift, l=4.000000, at=678.000000;

  mk170: marker, at=680.000000;

  dr170: drift, l=4.000000, at=682.000000;

  mk171: marker, at=684.000000;

  nq032: quadrupole, l=4.000000, k1:=-knch, at=686.000000;

  mk172: marker, at=688.000000;

  dr172: drift, l=4.000000, at=690.000000;

  mk173: marker, at=692.000000;

  dr173: drift, l=4.000000, at=694.000000;

  mk174: marker, at=696.000000;

  dr174: drift, l=4.000000, at=698.000000;

  mk175: marker, at=700.000000;

  sk006: quadrupole, l=4.000000, k1:=ksk3, tilt=pi/4, at=702.000000;

  mk176: marker, at=704.000000;

  dr176: drift, l=4.000000, at=706.000000;

  mk177: marker, at=708.000000;

  dr177: drift, l=4.000000, at=710.000000;

  mk178: marker, at=712.000000;

  dr178: drift, l=4.000000, at=714.000000;

  mk179: marker, at=716.000000;

  dr179: drift, l=4.000000, at=718.000000;

  mk180: marker, at=720.000000;

  dr180: drift, l=4.000000, at=722.000000;

  mk181: marker, at=724.000000;

  dr181: drift, l=4.000000, at=726.000000;

  mk182: marker, at=728.000000;

  dr182: drift, l=4.000000, at=730.000000;

  mk183: marker, at=732.000000;

  dr183: drift, l=4.000000, at=734.000000;

  mk184: marker, at=736.000000;

  dr184: drift, l=4.000000, at=738.000000;

  mk185: marker, at=740.000000;

  sk007: quadrupole, l=4.000000, k1:=ksk1, tilt=pi/4, at=742.000000;

  mk186: marker, at=744.000000;

  dr186: drift, l=4.000000, at=746.000000;

  mk187: marker, at=748.000000;

  dr187: drift, l=4.000000, at=750.000000;

  mk188: marker, at=752.000000;

  dr188: drift, l=4.000000, at=754.000000;

  mk189: marker, at=756.000000;

  dr189: drift, l=4.000000, at=758.000000;

  mk190: marker, at=760.000000;

  dr190: drift, l=4.000000, at=762.000000;

  mk191: marker, at=764.000000;

  dr191: drift, l=4.000000, at=766.000000;

  mk192: marker, at=768.000000;

  dr192: drift, l=4.000000, at=770.000000;

  mk193: marker, at=772.000000;

  dr193: drift, l=4.000000, at=774.000000;

  mk194: marker, at=776.000000;

  dr194: drift, l=4.000000, at=778.000000;

  mk195: marker, at=780.000000;

  dr195: drift, l=4.000000, at=782.000000;

  mk196: marker, at=784.000000;

  dr196: drift, l=4.000000, at=786.000000;

  mk197: marker, at=788.000000;

  dr197: drift, l=4.000000, at=790.000000;

  mk198: marker, at=792.000000;

  dr198: drift, l=4.000000, at=794.000000;

  mk199: marker, at=796.000000;

  dr199: drift, l=4.000000, at=798.000000;

  mk200: marker, at=800.000000;

  dr200: drift, l=4.000000, at=802.000000;

  mk201: marker, at=804.000000;

  dr201: drift, l=4.000000, at=806.000000;

  mk202: marker, at=808.000000;

  dr202: drift, l=4.000000, at=810.000000;

  mk203: marker, at=812.000000;

  dr203: drift, l=4.000000, at=814.000000;

  mk204: marker, at=816.000000;

  dr204: drift, l=4.000000, at=818.000000;

  mk205: marker, at=820.000000;

  dr205: drift, l=4.000000, at=822.000000;

  mk206: marker, at=824.000000;

  dr206: drift, l=4.000000, at=826.000000;

  mk207: marker, at=828.000000;

  dr207: drift, l=4.000000, at=830.000000;

  mk208: marker, at=832.000000;

  dr208: drift, l=4.000000, at=834.000000;

  mk209: marker, at=836.000000;

  dr209: drift, l=4.000000, at=838.000000;

  mk210: marker, at=840.000000;

  dr210: drift, l=4.000000, at=842.000000;

  mk211: marker, at=844.000000;

  dr211: drift, l=4.000000, at=846.000000;

  mk212: marker, at=848.000000;

  dr212: drift, l=4.000000, at=850.000000;

  mk213: marker, at=852.000000;

  dr213: drift, l=4.000000, at=854.000000;

  mk214: marker, at=856.000000;

  dr214: drift, l=4.000000, at=858.000000;

  mk215: marker, at=860.000000;

  dr215: drift, l=4.000000, at=862.000000;

  mk216: marker, at=864.000000;

  dr216: drift, l=4.000000, at=866.000000;

  mk217: marker, at=868.000000;

  dr217: drift, l=4.000000, at=870.000000;

  mk218: marker, at=872.000000;

  dr218: drift, l=4.000000, at=874.000000;

  mk219: marker, at=876.000000;

  dr219: drift, l=4.000000, at=878.000000;

  mk220: marker, at=880.000000;

  dr220: drift, l=4.000000, at=882.000000;

  mk221: marker, at=884.000000;

  dr221: drift, l=4.000000, at=886.000000;

  mk222: marker, at=888.000000;

  dr222: drift, l=4.000000, at=890.000000;

  mk223: marker, at=892.000000;

  dr223: drift, l=4.000000, at=894.000000;

  mk224: marker, at=896.000000;

  dr224: drift, l=4.000000, at=898.000000;

  mk225: marker, at=900.000000;

  dr225: drift, l=4.000000, at=902.000000;

  mk226: marker, at=904.000000;

  dr226: drift, l=4.000000, at=906.000000;

  mk227: marker, at=908.000000;

  dr227: drift, l=4.000000, at=910.000000;

  mk228: marker, at=912.000000;

  dr228: drift, l=4.000000, at=914.000000;

  mk229: marker, at=916.000000;

  dr229: drift, l=4.000000, at=918.000000;

  mk230: marker, at=920.000000;

  dr230: drift, l=4.000000, at=922.000000;

  mk231: marker, at=924.000000;

  dr231: drift, l=4.000000, at=926.000000;

  mk232: marker, at=928.000000;

  dr232: drift, l=4.000000, at=930.000000;

  mk233: marker, at=932.000000;

  dr233: drift, l=4.000000, at=934.000000;

  mk234: marker, at=936.000000;

  dr234: drift, l=4.000000, at=938.000000;

  mk235: marker, at=940.000000;

  dr235: drift, l=4.000000, at=942.000000;

  mk236: marker, at=944.000000;

  dr236: drift, l=4.000000, at=946.000000;

  mk237: marker, at=948.000000;

  dr237: drift, l=4.000000, at=950.000000;

  mk238: marker, at=952.000000;

  dr238: drift, l=4.000000, at=954.000000;

  mk239: marker, at=956.000000;

  dr239: drift, l=4.000000, at=958.000000;

  mk240: marker, at=960.000000;

  dr240: drift, l=4.000000, at=962.000000;

  mk241: marker, at=964.000000;

  dr241: drift, l=4.000000, at=966.000000;

  mk242: marker, at=968.000000;

  dr242: drift, l=4.000000, at=970.000000;

  mk243: marker, at=972.000000;

  dr243: drift, l=4.000000, at=974.000000;

  mk244: marker, at=976.000000;

  dr244: drift, l=4.000000, at=978.000000;

  mk245: marker, at=980.000000;

  dr245: drift, l=4.000000, at=982.000000;

  mk246: marker, at=984.000000;

  dr246: drift, l=4.000000, at=986.000000;

  mk247: marker, at=988.000000;

  dr247: drift, l=4.000000, at=990.000000;

  mk248: marker, at=992.000000;

  dr248: drift, l=4.000000, at=994.000000;

  mk249: marker, at=996.000000;

  dr249: drift, l=4.000000, at=998.000000;

  mk250: marker, at=1000.000000;

endsequence;



use, sequence=flatbeam;



match, sequence=flatbeam,

  betx=0.2351, alfx=0,

  bety=0.2351, alfy=0,

  dx=0, dpx=0,

  dy=0, dpy=0;

START MATCHING

number of sequences: 1
sequence name: flatbeam
entry name: betx
number of entries: 1
entry value: 0.235100
entry name: alfx
number of entries: 1
entry value: 0.000000
entry name: bety
number of entries: 1
entry value: 0.235100
entry name: alfy
number of entries: 1
entry value: 0.000000
entry name: dx
number of entries: 1
entry value: 0.000000
entry name: dpx
number of entries: 1
entry value: 0.000000
entry name: dy
number of entries: 1
entry value: 0.000000
entry name: dpy
number of entries: 1
entry value: 0.000000
++++++ warning: TWCPTK:  Mode flip in the element sk007                                           , nflips up to now =   1                                                                                                       
 Total number of modes flips is not even! Nflips =            1
  vary, name=ksol, step=1.0e-5, lower=-0.000599584916, upper=0.000599584916;

  vary, name=ksk1, step=1.0e-5, lower=-0.01199169832, upper=0.01199169832;

  vary, name=ksk2, step=1.0e-5, lower=-0.01199169832, upper=0.01199169832;

  vary, name=ksk3, step=1.0e-5, lower=-0.01199169832, upper=0.01199169832;

  constraint, range=#e, betx=92.5;

  constraint, range=#e, bety=30.2;

  constraint, range=#e, alfx=0.0;

  constraint, range=#e, alfy=0.0;

  lmdif, calls=8000, tolerance=1.0e-12;

number of variables:    4
user given constraints: 1
total constraints:      4

START LMDIF:

++++++ warning: TWCPTK:  Mode flip in the element sk007                                           , nflips up to now =   1                                                                                                       
 Total number of modes flips is not even! Nflips =            1
Initial Penalty Function =   0.24829884E+13


++++++ warning: TWCPTK:  Mode flip in the element sk007                                           , nflips up to now =   1                                                                                                       
 Total number of modes flips is not even! Nflips =            1
++++++ warning: TWCPTK:  Mode flip in the element sk007                                           , nflips up to now =   1                                                                                                       
 Total number of modes flips is not even! Nflips =            1
++++++ warning: TWCPTK:  Mode flip in the element sk007                                           , nflips up to now =   1                                                                                                       
 Total number of modes flips is not even! Nflips =            1
++++++ warning: TWCPTK:  Mode flip in the element sk007                                           , nflips up to now =   1                                                                                                       
 Total number of modes flips is not even! Nflips =            1
reset parameter: ksol                    from -0.41559017E-02  to -0.57958492E-03
reset parameter: ksol                    from  0.31912527E-02  to  0.57958492E-03
++++++ warning: TWCPTK:  Mode flip in the element sk007                                           , nflips up to now =   1                                                                                                       
 Total number of modes flips is not even! Nflips =            1
call:       7   Penalty function =   0.12080468E+13
++++++ warning: TWCPTK:  Mode flip in the element sk007                                           , nflips up to now =   1                                                                                                       
 Total number of modes flips is not even! Nflips =            1
++++++ warning: TWCPTK:  Mode flip in the element sk007                                           , nflips up to now =   1                                                                                                       
 Total number of modes flips is not even! Nflips =            1
++++++ warning: TWCPTK:  Mode flip in the element sk007                                           , nflips up to now =   1                                                                                                       
 Total number of modes flips is not even! Nflips =            1
++++++ warning: TWCPTK:  Mode flip in the element sk007                                           , nflips up to now =   1                                                                                                       
 Total number of modes flips is not even! Nflips =            1
reset parameter: ksol                    from  0.37239881E-02  to  0.57958492E-03
++++++ warning: TWCPTK:  Mode flip in the element sk007                                           , nflips up to now =   1                                                                                                       
 Total number of modes flips is not even! Nflips =            1
call:      12   Penalty function =   0.63414197E+12
++++++ warning: TWCPTK:  Mode flip in the element sk007                                           , nflips up to now =   1                                                                                                       
 Total number of modes flips is not even! Nflips =            1
++++++ warning: TWCPTK:  Mode flip in the element sk007                                           , nflips up to now =   1                                                                                                       
 Total number of modes flips is not even! Nflips =            1
++++++ warning: TWCPTK:  Mode flip in the element sk007                                           , nflips up to now =   1                                                                                                       
 Total number of modes flips is not even! Nflips =            1
++++++ warning: TWCPTK:  Mode flip in the element sk007                                           , nflips up to now =   1                                                                                                       
 Total number of modes flips is not even! Nflips =            1
reset parameter: ksol                    from  0.36056721E-02  to  0.57958492E-03
++++++ warning: TWCPTK:  Mode flip in the element sk007                                           , nflips up to now =   1                                                                                                       
 Total number of modes flips is not even! Nflips =            1
call:      17   Penalty function =   0.33331188E+12
++++++ warning: TWCPTK:  Mode flip in the element sk007                                           , nflips up to now =   1                                                                                                       
 Total number of modes flips is not even! Nflips =            1
++++++ warning: TWCPTK:  Mode flip in the element sk007                                           , nflips up to now =   1                                                                                                       
 Total number of modes flips is not even! Nflips =            1
++++++ warning: TWCPTK:  Mode flip in the element sk007                                           , nflips up to now =   1                                                                                                       
 Total number of modes flips is not even! Nflips =            1
++++++ warning: TWCPTK:  Mode flip in the element sk007                                           , nflips up to now =   1                                                                                                       
 Total number of modes flips is not even! Nflips =            1
reset parameter: ksol                    from  0.29602394E-02  to  0.57958492E-03
++++++ warning: TWCPTK:  Mode flip in the element sk007                                           , nflips up to now =   1                                                                                                       
 Total number of modes flips is not even! Nflips =            1
call:      22   Penalty function =   0.16070272E+12
++++++ warning: TWCPTK:  Mode flip in the element sk007                                           , nflips up to now =   1                                                                                                       
 Total number of modes flips is not even! Nflips =            1
++++++ warning: TWCPTK:  Mode flip in the element sk007                                           , nflips up to now =   1                                                                                                       
 Total number of modes flips is not even! Nflips =            1
++++++ warning: TWCPTK:  Mode flip in the element sk007                                           , nflips up to now =   1                                                                                                       
 Total number of modes flips is not even! Nflips =            1
++++++ warning: TWCPTK:  Mode flip in the element sk007                                           , nflips up to now =   1                                                                                                       
 Total number of modes flips is not even! Nflips =            1
reset parameter: ksol                    from  0.27343600E-02  to  0.57958492E-03
reset parameter: ksol                    from  0.82762455E-03  to  0.57958492E-03
++++++ warning: TWCPTK:  Mode flip in the element sk007                                           , nflips up to now =   1                                                                                                       
 Total number of modes flips is not even! Nflips =            1
call:      28   Penalty function =   0.13238281E+12
++++++ warning: TWCPTK:  Mode flip in the element sk007                                           , nflips up to now =   1                                                                                                       
 Total number of modes flips is not even! Nflips =            1
++++++ warning: TWCPTK:  Mode flip in the element sk007                                           , nflips up to now =   1                                                                                                       
 Total number of modes flips is not even! Nflips =            1
++++++ warning: TWCPTK:  Mode flip in the element sk007                                           , nflips up to now =   1                                                                                                       
 Total number of modes flips is not even! Nflips =            1
++++++ warning: TWCPTK:  Mode flip in the element sk007                                           , nflips up to now =   1                                                                                                       
 Total number of modes flips is not even! Nflips =            1
reset parameter: ksol                    from  0.92345909E-03  to  0.57958492E-03
++++++ warning: TWCPTK:  Mode flip in the element sk007                                           , nflips up to now =   1                                                                                                       
 Total number of modes flips is not even! Nflips =            1
call:      33   Penalty function =   0.87067210E+11
++++++ warning: TWCPTK:  Mode flip in the element sk007                                           , nflips up to now =   1                                                                                                       
 Total number of modes flips is not even! Nflips =            1
++++++ warning: TWCPTK:  Mode flip in the element sk007                                           , nflips up to now =   1                                                                                                       
 Total number of modes flips is not even! Nflips =            1
++++++ warning: TWCPTK:  Mode flip in the element sk007                                           , nflips up to now =   1                                                                                                       
 Total number of modes flips is not even! Nflips =            1
++++++ warning: TWCPTK:  Mode flip in the element sk007                                           , nflips up to now =   1                                                                                                       
 Total number of modes flips is not even! Nflips =            1
++++++ warning: TWCPTK:  Mode flip in the element sk007                                           , nflips up to now =   1                                                                                                       
 Total number of modes flips is not even! Nflips =            1
call:      39   Penalty function =   0.79298092E+11
++++++ warning: TWCPTK:  Mode flip in the element sk007                                           , nflips up to now =   1                                                                                                       
 Total number of modes flips is not even! Nflips =            1
++++++ warning: TWCPTK:  Mode flip in the element sk007                                           , nflips up to now =   1                                                                                                       
 Total number of modes flips is not even! Nflips =            1
++++++ warning: TWCPTK:  Mode flip in the element sk007                                           , nflips up to now =   1                                                                                                       
 Total number of modes flips is not even! Nflips =            1
++++++ warning: TWCPTK:  Mode flip in the element sk007                                           , nflips up to now =   1                                                                                                       
 Total number of modes flips is not even! Nflips =            1
call:      44   Penalty function =   0.74313919E+09
++++++ warning: TWCPTK:  Mode flip in the element sk007                                           , nflips up to now =   1                                                                                                       
 Total number of modes flips is not even! Nflips =            1
call:      50   Penalty function =   0.26511139E+09
reset parameter: ksol                    from  0.72304164E-03  to  0.57958492E-03
call:      55   Penalty function =   0.12708032E+09
reset parameter: ksol                    from  0.91631542E-03  to  0.57958492E-03
++++++ warning: TWCPTK:  Mode flip in the element sk007                                           , nflips up to now =   1                                                                                                       
 Total number of modes flips is not even! Nflips =            1
reset parameter: ksol                    from  0.61157326E-03  to  0.58759657E-03
call:      61   Penalty function =   0.10654411E+09
reset parameter: ksol                    from  0.65530493E-03  to  0.57958492E-03
++++++ warning: TWCPTK:  Mode flip in the element sk007                                           , nflips up to now =   1                                                                                                       
 Total number of modes flips is not even! Nflips =            1
call:      67   Penalty function =   0.10239739E+09
++++++ warning: TWCPTK:  Mode flip in the element sk007                                           , nflips up to now =   1                                                                                                       
 Total number of modes flips is not even! Nflips =            1
call:      72   Penalty function =   0.10090295E+09
++++++ warning: TWCPTK:  Mode flip in the element sk007                                           , nflips up to now =   1                                                                                                       
 Total number of modes flips is not even! Nflips =            1
++++++ warning: TWCPTK:  Mode flip in the element sk007                                           , nflips up to now =   1                                                                                                       
 Total number of modes flips is not even! Nflips =            1
call:      77   Penalty function =   0.10040192E+09
++++++ warning: TWCPTK:  Mode flip in the element sk007                                           , nflips up to now =   1                                                                                                       
 Total number of modes flips is not even! Nflips =            1
++++++ warning: TWCPTK:  Mode flip in the element sk007                                           , nflips up to now =   1                                                                                                       
 Total number of modes flips is not even! Nflips =            1
call:      82   Penalty function =   0.10016148E+09
++++++ warning: TWCPTK:  Mode flip in the element sk007                                           , nflips up to now =   1                                                                                                       
 Total number of modes flips is not even! Nflips =            1
++++++ warning: TWCPTK:  Mode flip in the element sk007                                           , nflips up to now =   1                                                                                                       
 Total number of modes flips is not even! Nflips =            1
++++++ warning: TWCPTK:  Mode flip in the element sk007                                           , nflips up to now =   1                                                                                                       
 Total number of modes flips is not even! Nflips =            1
reset parameter: ksol                    from  0.59964799E-03  to  0.59952184E-03
call:      87   Penalty function =   0.10015480E+09
++++++ warning: TWCPTK:  Mode flip in the element sk007                                           , nflips up to now =   1                                                                                                       
 Total number of modes flips is not even! Nflips =            1
++++++ warning: TWCPTK:  Mode flip in the element sk007                                           , nflips up to now =   1                                                                                                       
 Total number of modes flips is not even! Nflips =            1
++++++ warning: TWCPTK:  Mode flip in the element sk007                                           , nflips up to now =   1                                                                                                       
 Total number of modes flips is not even! Nflips =            1
reset parameter: ksol                    from  0.59963738E-03  to  0.59953245E-03
call:      93   Penalty function =   0.10014941E+09
 ++++++++++ LMDIF ended: converged without success
call:      93   Penalty function =   0.10014941E+09
endmatch;


MATCH SUMMARY

Node_Name                  Constraint   Type  Target Value       Final Value        Penalty
--------------------------------------------------------------------------------------------------
flatbeam$end:1             betx         4     9.25000000E+01     1.00919150E+04     9.99883007E+07
flatbeam$end:1             bety         4     3.02000000E+01     1.09178720E+02     6.23763827E+03
flatbeam$end:1             alfx         4     0.00000000E+00    -3.93166065E+01     1.54579555E+05
flatbeam$end:1             alfy         4     0.00000000E+00     1.71739573E+00     2.94944809E+02


Final Penalty Function =   1.00149413e+08





Variable                 Final Value  Initial Value Lower Limit  Upper Limit 
--------------------------------------------------------------------------------
ksol                      5.99580e-04  4.79668e-04 -5.99585e-04  5.99585e-04
ksk1                      5.83494e-03  7.19502e-03 -1.19917e-02  1.19917e-02
ksk2                     -7.05570e-03 -7.19502e-03 -1.19917e-02  1.19917e-02
ksk3                      3.65205e-03  3.59751e-03 -1.19917e-02  1.19917e-02

END MATCH SUMMARY

VARIABLE "TAR" SET TO   1.00149413e+08


value, ksol;

ksol               =    0.0005995801841 ;
value, kq1;

kq1                =      0.00599584916 ;
value, kq2;

kq2                =    -0.009593358656 ;
value, ksk1;

ksk1               =     0.005834935123 ;
value, ksk2;

ksk2               =    -0.007055704183 ;
value, ksk3;

ksk3               =     0.003652045849 ;
value, knch;

knch               =     0.004796679328 ;


twiss,

  betx=0.2351, alfx=0,

  bety=0.2351, alfy=0,

  dx=0, dpx=0,

  dy=0, dpy=0,

  file="multifamily_scan.tfs";

enter Twiss module
  
open line - error with deltap:   0.000000E+00
initial orbit vector:   0.000000E+00  0.000000E+00  0.000000E+00  0.000000E+00  0.000000E+00  0.000000E+00
final orbit vector:     0.000000E+00  0.000000E+00  0.000000E+00  0.000000E+00  0.000000E+00  0.000000E+00

++++++ table: summ

            length             orbit5               alfa            gammatr 
              1000                 -0                  0                  0 

                q1                dq1            betxmax              dxmax 
       1.741025974                  0         29176.3401                  0 

             dxrms             xcomax             xcorms                 q2 
                 0                  0                  0        1.817245391 

               dq2            betymax              dymax              dyrms 
                 0        168724.3131                  0                  0 

            ycomax             ycorms             deltap            synch_1 
                 0                  0                  0                  0 

           synch_2            synch_3            synch_4            synch_5 
                 0                  0                  0                  0 

           synch_6            synch_8             nflips              dqmin 
                 0                  0                  0                  0 

       dqmin_phase 
        1.13725018 


stop;


  Number of warnings: 55
0 in C and 55 in Fortran

  ++++++++++++++++++++++++++++++++++++++++++++
  +          MAD-X finished normally         +
  ++++++++++++++++++++++++++++++++++++++++++++
